2023-08-26 17:29:01.367 [info] Reading sessions from keychain...
2023-08-26 17:29:01.367 [info] Getting sessions for all scopes...
2023-08-26 17:29:01.367 [info] Getting sessions for user:email...
2023-08-26 17:29:01.367 [info] Got 0 sessions for ...
2023-08-26 17:29:01.367 [info] Got 0 sessions for user:email...
2023-08-26 17:29:01.510 [info] Getting sessions for all scopes...
2023-08-26 17:29:01.510 [info] Got 0 sessions for ...
2023-08-26 17:29:01.556 [info] Getting sessions for all scopes...
2023-08-26 17:29:01.556 [info] Got 0 sessions for ...
2023-08-26 17:29:55.804 [info] Getting sessions for read:user...
2023-08-26 17:29:55.804 [info] Got 0 sessions for read:user...
2023-08-26 17:29:55.811 [info] Getting sessions for user:email...
2023-08-26 17:29:55.811 [info] Got 0 sessions for user:email...
2023-08-26 17:29:59.493 [info] Getting sessions for read:user...
2023-08-26 17:29:59.493 [info] Got 0 sessions for read:user...
2023-08-26 17:29:59.497 [info] Getting sessions for user:email...
2023-08-26 17:29:59.497 [info] Got 0 sessions for user:email...
2023-08-26 17:30:02.840 [info] Logging in for the following scopes: user:email
2023-08-26 17:30:02.848 [info] Trying without local server... (user:email)
2023-08-26 17:30:09.800 [info] Exchanging code for token...
2023-08-26 17:30:15.741 [info] Getting sessions for user:email...
2023-08-26 17:30:15.742 [info] Got 0 sessions for user:email...
2023-08-26 17:30:20.619 [info] Token exchange success!
2023-08-26 17:30:20.623 [info] Getting user info...
2023-08-26 17:30:21.358 [info] Got account info!
2023-08-26 17:30:21.359 [info] Storing 1 sessions...
2023-08-26 17:30:21.370 [info] Reading sessions from keychain...
2023-08-26 17:30:21.370 [info] Stored 1 sessions!
2023-08-26 17:30:21.371 [info] Login success!
2023-08-26 17:30:21.390 [info] Getting sessions for user:email...
2023-08-26 17:30:21.425 [info] Got stored sessions!
2023-08-26 17:30:21.425 [info] Got 1 verified sessions.
2023-08-26 17:30:21.425 [info] Got 1 sessions for user:email...
2023-08-26 17:30:21.427 [info] Getting sessions for read:user...
2023-08-26 17:30:21.428 [info] Got 0 sessions for read:user...
2023-08-26 17:30:21.438 [info] Getting sessions for user:email...
2023-08-26 17:30:21.438 [info] Got 1 sessions for user:email...
2023-08-26 17:30:32.231 [info] Getting sessions for read:user...
2023-08-26 17:30:32.231 [info] Got 0 sessions for read:user...
2023-08-26 17:30:32.234 [info] Getting sessions for user:email...
2023-08-26 17:30:32.234 [info] Got 1 sessions for user:email...
2023-08-26 17:32:08.290 [info] Logging in for the following scopes: user:email
2023-08-26 17:32:08.294 [info] Trying without local server... (user:email)
2023-08-26 17:32:20.370 [info] Exchanging code for token...
2023-08-26 17:32:20.945 [info] Token exchange success!
2023-08-26 17:32:20.947 [info] Getting user info...
2023-08-26 17:32:21.562 [info] Got account info!
2023-08-26 17:32:21.562 [info] Storing 1 sessions...
2023-08-26 17:32:21.564 [info] Reading sessions from keychain...
2023-08-26 17:32:21.564 [info] Stored 1 sessions!
2023-08-26 17:32:21.564 [info] Login success!
2023-08-26 17:32:21.566 [info] Getting sessions for user:email...
2023-08-26 17:32:21.567 [info] Getting sessions for user:email...
2023-08-26 17:32:21.567 [info] Got stored sessions!
2023-08-26 17:32:21.567 [info] Got 1 verified sessions.
2023-08-26 17:32:21.567 [info] Got 1 sessions for user:email...
2023-08-26 17:32:21.567 [info] Got 1 sessions for user:email...
2023-08-26 17:32:21.569 [info] Getting sessions for user:email...
2023-08-26 17:32:21.569 [info] Got 1 sessions for user:email...
2023-08-26 17:32:21.578 [info] Getting sessions for read:user...
2023-08-26 17:32:21.578 [info] Got 0 sessions for read:user...
2023-08-26 17:32:21.587 [info] Getting sessions for user:email...
2023-08-26 17:32:21.587 [info] Got 1 sessions for user:email...
2023-08-26 17:35:49.127 [info] Getting sessions for read:user,repo,user:email,workflow...
2023-08-26 17:35:49.127 [info] Got 0 sessions for read:user,repo,user:email,workflow...
2023-08-26 17:35:52.636 [info] Logging in for the following scopes: read:user repo user:email workflow
2023-08-26 17:35:52.660 [info] Trying without local server... (read:user repo user:email workflow)
2023-08-26 17:35:55.645 [info] Exchanging code for token...
2023-08-26 17:35:56.335 [info] Token exchange success!
2023-08-26 17:35:56.337 [info] Getting user info...
2023-08-26 17:35:57.227 [info] Got account info!
2023-08-26 17:35:57.227 [info] Storing 2 sessions...
2023-08-26 17:35:57.231 [info] Reading sessions from keychain...
2023-08-26 17:35:57.231 [info] Stored 2 sessions!
2023-08-26 17:35:57.231 [info] Login success!
2023-08-26 17:35:57.237 [info] Getting sessions for user:email...
2023-08-26 17:35:57.239 [info] Got stored sessions!
2023-08-26 17:35:57.239 [info] Got 2 verified sessions.
2023-08-26 17:35:57.239 [info] Got 1 sessions for user:email...
2023-08-26 17:35:57.240 [info] Getting sessions for user:email...
2023-08-26 17:35:57.240 [info] Got 1 sessions for user:email...
2023-08-26 17:35:57.246 [info] Getting sessions for read:user...
2023-08-26 17:35:57.246 [info] Got 0 sessions for read:user...
2023-08-26 17:35:57.251 [info] Getting sessions for user:email...
2023-08-26 17:35:57.251 [info] Got 1 sessions for user:email...
2023-08-26 17:36:12.960 [info] Getting sessions for read:user,repo,user:email,workflow...
2023-08-26 17:36:12.960 [info] Got 1 sessions for read:user,repo,user:email,workflow...
