2023-08-26 17:29:01.734 [info] Reading sessions from keychain...
2023-08-26 17:29:01.734 [info] Getting sessions for all scopes...
2023-08-26 17:29:01.738 [info] Getting sessions for user:email...
2023-08-26 17:29:01.747 [info] Got 0 sessions for ...
2023-08-26 17:29:01.747 [info] Got 0 sessions for user:email...
2023-08-26 17:29:01.869 [info] Getting sessions for all scopes...
2023-08-26 17:29:01.869 [info] Got 0 sessions for ...
2023-08-26 17:29:55.607 [info] Getting sessions for read:user...
2023-08-26 17:29:55.607 [info] Got 0 sessions for read:user...
2023-08-26 17:29:55.620 [info] Getting sessions for user:email...
2023-08-26 17:29:55.621 [info] Got 0 sessions for user:email...
2023-08-26 17:30:21.694 [info] Reading sessions from keychain...
2023-08-26 17:30:21.697 [info] Got stored sessions!
2023-08-26 17:30:21.697 [info] Got 1 verified sessions.
2023-08-26 17:30:21.698 [info] Adding session found in keychain
2023-08-26 17:30:21.700 [info] Getting sessions for user:email...
2023-08-26 17:30:21.700 [info] Got 1 sessions for user:email...
2023-08-26 17:30:21.702 [info] Getting sessions for user:email...
2023-08-26 17:30:21.702 [info] Got 1 sessions for user:email...
2023-08-26 17:30:21.707 [info] Getting sessions for read:user...
2023-08-26 17:30:21.707 [info] Got 0 sessions for read:user...
2023-08-26 17:30:21.710 [info] Getting sessions for user:email...
2023-08-26 17:30:21.710 [info] Got 1 sessions for user:email...
2023-08-26 17:32:21.791 [info] Reading sessions from keychain...
2023-08-26 17:32:21.791 [info] Getting sessions for user:email...
2023-08-26 17:32:21.792 [info] Got stored sessions!
2023-08-26 17:32:21.792 [info] Got 1 verified sessions.
2023-08-26 17:32:21.793 [info] Adding session found in keychain
2023-08-26 17:32:21.793 [info] Removing session no longer found in keychain
2023-08-26 17:32:21.793 [info] Got 1 sessions for user:email...
2023-08-26 17:32:21.794 [info] Getting sessions for user:email...
2023-08-26 17:32:21.794 [info] Got 1 sessions for user:email...
2023-08-26 17:32:21.796 [info] Getting sessions for user:email...
2023-08-26 17:32:21.796 [info] Got 1 sessions for user:email...
2023-08-26 17:32:21.799 [info] Getting sessions for read:user...
2023-08-26 17:32:21.799 [info] Got 0 sessions for read:user...
2023-08-26 17:32:21.801 [info] Getting sessions for user:email...
2023-08-26 17:32:21.801 [info] Got 1 sessions for user:email...
